<?xml version="1.0" encoding="UTF-8"?>
<coverage generated="1643072416469" clover="3.2.0">
  <project timestamp="1643072416469" name="All files">
    <metrics statements="49" coveredstatements="44" conditionals="10" coveredconditionals="8" methods="20" coveredmethods="18" elements="79" coveredelements="70" complexity="0" loc="49" ncloc="49" packages="1" files="4" classes="4"/>
    <file name="array.js" path="C:\Users\giova\curso-testes-automatizados\Aula 2\array.js">
      <metrics statements="24" coveredstatements="19" conditionals="8" coveredconditionals="6" methods="9" coveredmethods="7"/>
      <line num="9" count="2" type="stmt"/>
      <line num="10" count="2" type="stmt"/>
      <line num="11" count="2" type="stmt"/>
      <line num="20" count="2" type="stmt"/>
      <line num="21" count="2" type="stmt"/>
      <line num="22" count="6" type="stmt"/>
      <line num="33" count="2" type="cond" truecount="2" falsecount="0"/>
      <line num="34" count="1" type="stmt"/>
      <line num="35" count="3" type="cond" truecount="2" falsecount="0"/>
      <line num="37" count="1" type="cond" truecount="1" falsecount="1"/>
      <line num="38" count="1" type="stmt"/>
      <line num="46" count="1" type="stmt"/>
      <line num="48" count="1" type="stmt"/>
      <line num="49" count="3" type="cond" truecount="1" falsecount="1"/>
      <line num="50" count="3" type="stmt"/>
      <line num="51" count="3" type="stmt"/>
      <line num="54" count="1" type="stmt"/>
      <line num="62" count="0" type="stmt"/>
      <line num="63" count="0" type="stmt"/>
      <line num="64" count="0" type="stmt"/>
      <line num="66" count="0" type="stmt"/>
      <line num="73" count="2" type="stmt"/>
      <line num="81" count="0" type="stmt"/>
      <line num="87" count="1" type="stmt"/>
    </file>
    <file name="atividade1.js" path="C:\Users\giova\curso-testes-automatizados\Aula 2\atividade1.js">
      <metrics statements="12" coveredstatements="12" conditionals="2" coveredconditionals="2" methods="6" coveredmethods="6"/>
      <line num="8" count="3" type="stmt"/>
      <line num="17" count="2" type="stmt"/>
      <line num="27" count="1" type="stmt"/>
      <line num="37" count="1" type="stmt"/>
      <line num="38" count="1" type="stmt"/>
      <line num="39" count="1" type="stmt"/>
      <line num="51" count="2" type="cond" truecount="2" falsecount="0"/>
      <line num="52" count="1" type="stmt"/>
      <line num="53" count="1" type="stmt"/>
      <line num="67" count="2" type="stmt"/>
      <line num="68" count="2" type="stmt"/>
      <line num="75" count="2" type="stmt"/>
    </file>
    <file name="atividade1ClassConsumer.js" path="C:\Users\giova\curso-testes-automatizados\Aula 2\atividade1ClassConsumer.js">
      <metrics statements="6" coveredstatements="6" conditionals="0" coveredconditionals="0" methods="3" coveredmethods="3"/>
      <line num="1" count="1" type="stmt"/>
      <line num="9" count="1" type="stmt"/>
      <line num="11" count="1" type="stmt"/>
      <line num="20" count="1" type="stmt"/>
      <line num="29" count="1" type="stmt"/>
      <line num="33" count="1" type="stmt"/>
    </file>
    <file name="developers.js" path="C:\Users\giova\curso-testes-automatizados\Aula 2\developers.js">
      <metrics statements="7" coveredstatements="7" conditionals="0" coveredconditionals="0" methods="2" coveredmethods="2"/>
      <line num="1" count="1" type="stmt"/>
      <line num="11" count="2" type="stmt"/>
      <line num="12" count="2" type="stmt"/>
      <line num="13" count="2" type="stmt"/>
      <line num="15" count="2" type="stmt"/>
      <line num="24" count="1" type="stmt"/>
      <line num="28" count="1" type="stmt"/>
    </file>
  </project>
</coverage>
